android-probe/app/build/intermediates/manifest_merge_blame_file/release/processReleaseMainManifest/manifest-merger-blame-release-report.txt
1<?xml version="1.0" encoding="utf-8"?>
2<manifest xmlns:android="http://schemas.android.com/apk/res/android"
3    package="tv.scgs.probe"
4    android:versionCode="12"
5    android:versionName="0.2.18-probe" >
6
7    <uses-sdk
8        android:minSdkVersion="23"
9        android:targetSdkVersion="35" />
10
11    <uses-permission android:name="android.permission.INTERNET" />
11-->src\main\AndroidManifest.xml:3:5-67
11-->src\main\AndroidManifest.xml:3:22-64
12
13    <application
13-->src\main\AndroidManifest.xml:5:5-22:19
14        android:allowBackup="false"
14-->src\main\AndroidManifest.xml:6:9-36
15        android:extractNativeLibs="false"
16        android:hardwareAccelerated="true"
16-->src\main\AndroidManifest.xml:7:9-43
17        android:icon="@mipmap/ic_launcher"
17-->src\main\AndroidManifest.xml:8:9-43
18        android:label="时差观赛"
18-->src\main\AndroidManifest.xml:9:9-29
19        android:supportsRtl="true"
19-->src\main\AndroidManifest.xml:10:9-35
20        android:theme="@style/AppTheme"
20-->src\main\AndroidManifest.xml:11:9-40
21        android:usesCleartextTraffic="false" >
21-->src\main\AndroidManifest.xml:12:9-45
22        <activity
22-->src\main\AndroidManifest.xml:13:9-21:20
23            android:name="tv.scgs.probe.MainActivity"
23-->src\main\AndroidManifest.xml:14:13-41
24            android:configChanges="keyboardHidden|orientation|screenSize"
24-->src\main\AndroidManifest.xml:15:13-74
25            android:exported="true" >
25-->src\main\AndroidManifest.xml:16:13-36
26            <intent-filter>
26-->src\main\AndroidManifest.xml:17:13-20:29
27                <action android:name="android.intent.action.MAIN" />
27-->src\main\AndroidManifest.xml:18:17-69
27-->src\main\AndroidManifest.xml:18:25-66
28
29                <category android:name="android.intent.category.LAUNCHER" />
29-->src\main\AndroidManifest.xml:19:17-77
29-->src\main\AndroidManifest.xml:19:27-74
30            </intent-filter>
31        </activity>
32    </application>
33
34</manifest>